<?xml version="1.0" encoding="UTF-8"?>
<!-- Generated by org.testng.reporters.JUnitReportReporter -->
<testsuite hostname="PALANIAPPAN" failures="0" tests="1" name="sample1.SampleTest1" time="36.605" errors="0" timestamp="27 Jan 2022 06:59:39 GMT" skipped="0">
  <testcase classname="sample1.SampleTest1" name="loadGoogle" time="36.605"/>
</testsuite> <!-- sample1.SampleTest1 -->
