<?xml version="1.0" encoding="UTF-8"?>
<!-- Generated by org.testng.reporters.JUnitReportReporter -->
<testsuite hostname="PALANIAPPAN" failures="0" tests="1" name="sample2.SampleTest2" time="18.209" errors="0" timestamp="27 Jan 2022 06:59:39 GMT" skipped="0">
  <testcase classname="sample2.SampleTest2" name="loadGoogle" time="18.209"/>
</testsuite> <!-- sample2.SampleTest2 -->
